<?xml version="1.0" encoding="UTF-8"?>
<!-- Generated by org.testng.reporters.JUnitReportReporter -->
<testsuite hostname="LAPTOP-65EK15BQ" failures="0" tests="2" name="comprotrainingtechorg.PracticeOfProTrainingTech.Annotations" time="0.006" errors="0" timestamp="2021-10-30T10:38:22 EDT" skipped="0">
  <testcase classname="comprotrainingtechorg.PracticeOfProTrainingTech.Annotations" name="f" time="0.004"/>
  <system-out/>
  <testcase classname="comprotrainingtechorg.PracticeOfProTrainingTech.Annotations" name="test2" time="0.002"/>
  <system-out/>
</testsuite> <!-- comprotrainingtechorg.PracticeOfProTrainingTech.Annotations -->
