<?xml version="1.0" encoding="UTF-8"?>
<!-- Generated by org.testng.reporters.JUnitReportReporter -->
<testsuite hostname="LAPTOP-65EK15BQ" failures="0" tests="1" name="comprotrainingtechorg.PracticeOfProTrainingTech.Amazon" time="9.685" errors="0" timestamp="2021-10-30T12:31:28 EDT" skipped="0">
  <testcase classname="comprotrainingtechorg.PracticeOfProTrainingTech.Amazon" name="f" time="9.685"/>
  <system-out/>
</testsuite> <!-- comprotrainingtechorg.PracticeOfProTrainingTech.Amazon -->
