<?xml version="1.0" encoding="UTF-8"?>
<!-- Generated by org.testng.reporters.JUnitReportReporter -->
<testsuite hostname="LAPTOP-65EK15BQ" failures="0" tests="3" name="comprotrainingtechorg.PracticeOfProTrainingTech.HomeToVerify" time="0.126" errors="0" timestamp="2021-11-13T12:07:02 EST" skipped="0">
  <testcase classname="comprotrainingtechorg.PracticeOfProTrainingTech.HomeToVerify" name="f" time="0.046"/>
  <system-out/>
  <testcase classname="comprotrainingtechorg.PracticeOfProTrainingTech.HomeToVerify" name="f" time="0.036"/>
  <system-out/>
  <testcase classname="comprotrainingtechorg.PracticeOfProTrainingTech.HomeToVerify" name="f" time="0.044"/>
  <system-out/>
</testsuite> <!-- comprotrainingtechorg.PracticeOfProTrainingTech.HomeToVerify -->
