<?xml version="1.0" encoding="UTF-8"?>
<!-- Generated by org.testng.reporters.JUnitReportReporter -->
<testsuite hostname="LAPTOP-65EK15BQ" failures="0" tests="6" name="comprotrainingtechorg.PracticeOfProTrainingTech.MultipleBrowsersClass" time="14.027" errors="0" timestamp="2021-11-13T12:07:02 EST" skipped="0">
  <testcase classname="comprotrainingtechorg.PracticeOfProTrainingTech.MultipleBrowsersClass" name="f" time="0.120"/>
  <system-out/>
  <testcase classname="comprotrainingtechorg.PracticeOfProTrainingTech.MultipleBrowsersClass" name="f" time="0.061"/>
  <system-out/>
  <testcase classname="comprotrainingtechorg.PracticeOfProTrainingTech.MultipleBrowsersClass" name="beforeClass" time="5.084"/>
  <system-out/>
  <testcase classname="comprotrainingtechorg.PracticeOfProTrainingTech.MultipleBrowsersClass" name="f" time="0.125"/>
  <system-out/>
  <testcase classname="comprotrainingtechorg.PracticeOfProTrainingTech.MultipleBrowsersClass" name="beforeClass" time="3.994"/>
  <system-out/>
  <testcase classname="comprotrainingtechorg.PracticeOfProTrainingTech.MultipleBrowsersClass" name="beforeClass" time="4.643"/>
  <system-out/>
</testsuite> <!-- comprotrainingtechorg.PracticeOfProTrainingTech.MultipleBrowsersClass -->
