<?xml version="1.0" encoding="UTF-8"?>
<!-- Generated by org.testng.reporters.JUnitReportReporter -->
<testsuite hostname="LAPTOP-65EK15BQ" failures="0" tests="2" name="comprotrainingtechorg.PracticeOfProTrainingTech.AmazonFunctionSearch" time="3.996" errors="0" timestamp="2021-10-31T11:12:35 EDT" skipped="0">
  <testcase classname="comprotrainingtechorg.PracticeOfProTrainingTech.AmazonFunctionSearch" name="f" time="3.829"/>
  <system-out/>
  <testcase classname="comprotrainingtechorg.PracticeOfProTrainingTech.AmazonFunctionSearch" name="Register" time="0.167"/>
  <system-out/>
</testsuite> <!-- comprotrainingtechorg.PracticeOfProTrainingTech.AmazonFunctionSearch -->
